c:\users\janmo\checkouts\git\delta-formulation\src\c++\1d\1d_advection\packages\debug\vc143.pdb
c:\users\janmo\checkouts\git\delta-formulation\src\c++\1d\1d_advection\packages\debug\ugrid1d.obj
c:\users\janmo\checkouts\git\delta-formulation\src\c++\1d\1d_advection\packages\debug\regularization.obj
c:\users\janmo\checkouts\git\delta-formulation\src\c++\1d\1d_advection\packages\debug\perf_timer.obj
c:\users\janmo\checkouts\git\delta-formulation\src\c++\1d\1d_advection\packages\debug\main.obj
c:\users\janmo\checkouts\git\delta-formulation\src\c++\1d\1d_advection\packages\debug\definition_map_file.obj
c:\users\janmo\checkouts\git\delta-formulation\src\c++\1d\1d_advection\packages\debug\cfts.obj
c:\users\janmo\checkouts\git\delta-formulation\src\c++\1d\1d_advection\packages\debug\adv_diff_source.obj
c:\users\janmo\checkouts\git\delta-formulation\src\c++\1d\1d_advection\packages\debug\adv_diff_init_velocity.obj
c:\users\janmo\checkouts\git\delta-formulation\src\c++\1d\1d_advection\packages\debug\adv_diff_init_concentration.obj
c:\users\janmo\checkouts\git\delta-formulation\src\c++\1d\1d_advection\packages\debug\adv_diff_boundary_condition.obj
c:\users\janmo\checkouts\git\delta-formulation\src\c++\1d\1d_advection\bin\x64\debug\1d_adv.exe
c:\users\janmo\checkouts\git\delta-formulation\src\c++\1d\1d_advection\bin\x64\debug\1d_adv.pdb
c:\users\janmo\checkouts\git\delta-formulation\src\c++\1d\1d_advection\bin\x64\debug\1d_adv.ilk
c:\users\janmo\checkouts\git\delta-formulation\src\c++\1d\1d_advection\packages\debug\1d_adv.tlog\cl.command.1.tlog
c:\users\janmo\checkouts\git\delta-formulation\src\c++\1d\1d_advection\packages\debug\1d_adv.tlog\cl.items.tlog
c:\users\janmo\checkouts\git\delta-formulation\src\c++\1d\1d_advection\packages\debug\1d_adv.tlog\cl.read.1.tlog
c:\users\janmo\checkouts\git\delta-formulation\src\c++\1d\1d_advection\packages\debug\1d_adv.tlog\cl.write.1.tlog
c:\users\janmo\checkouts\git\delta-formulation\src\c++\1d\1d_advection\packages\debug\1d_adv.tlog\link.command.1.tlog
c:\users\janmo\checkouts\git\delta-formulation\src\c++\1d\1d_advection\packages\debug\1d_adv.tlog\link.read.1.tlog
c:\users\janmo\checkouts\git\delta-formulation\src\c++\1d\1d_advection\packages\debug\1d_adv.tlog\link.secondary.1.tlog
c:\users\janmo\checkouts\git\delta-formulation\src\c++\1d\1d_advection\packages\debug\1d_adv.tlog\link.write.1.tlog
